#
# There is insufficient memory for the Java Runtime Environment to continue.
# Native memory allocation (malloc) failed to allocate 904336 bytes for Chunk::new
# Possible reasons:
#   The system is out of physical RAM or swap space
#   The process is running with CompressedOops enabled, and the Java Heap may be blocking the growth of the native heap
# Possible solutions:
#   Reduce memory load on the system
#   Increase physical memory or swap space
#   Check if swap backing store is full
#   Decrease Java heap size (-Xmx/-Xms)
#   Decrease number of Java threads
#   Decrease Java thread stack sizes (-Xss)
#   Set larger code cache with -XX:ReservedCodeCacheSize=
#   JVM is running with Unscaled Compressed Oops mode in which the Java heap is
#     placed in the first 4GB address space. The Java Heap base address is the
#     maximum limit for the native heap growth. Please use -XX:HeapBaseMinAddress
#     to set the Java Heap base and to place the Java Heap above 4GB virtual address.
# This output file may be truncated or incomplete.
#
#  Out of Memory Error (src/hotspot/share/memory/arena.cpp:197), pid=9312, tid=2052
#
# JRE version: OpenJDK Runtime Environment (11.0.15) (build 11.0.15+0-b2043.56-8887301)
# Java VM: OpenJDK 64-Bit Server VM (11.0.15+0-b2043.56-8887301, mixed mode, tiered, compressed oops, g1 gc, windows-amd64)
# No core dump will be written. Minidumps are not enabled by default on client versions of Windows
#

---------------  S U M M A R Y ------------

Command Line: --add-opens=java.base/java.util=ALL-UNNAMED --add-opens=java.base/java.lang=ALL-UNNAMED --add-opens=java.base/java.lang.invoke=ALL-UNNAMED --add-opens=java.base/java.util=ALL-UNNAMED --add-opens=java.prefs/java.util.prefs=ALL-UNNAMED --add-opens=java.prefs/java.util.prefs=ALL-UNNAMED --add-opens=java.base/java.nio.charset=ALL-UNNAMED --add-opens=java.base/java.net=ALL-UNNAMED --add-opens=java.base/java.util.concurrent.atomic=ALL-UNNAMED -Xmx2048m -Dfile.encoding=UTF-8 -Duser.country=IN -Duser.language=en -Duser.variant org.gradle.launcher.daemon.bootstrap.GradleDaemon 7.5

Host: AMD A6-7310 APU with AMD Radeon R4 Graphics    , 4 cores, 6G,  Windows 10 , 64 bit Build 19041 (10.0.19041.3393)
Time: Thu Oct  5 00:23:01 2023 India Standard Time elapsed time: 44.795987 seconds (0d 0h 0m 44s)

---------------  T H R E A D  ---------------

Current thread (0x00000228fe41e000):  JavaThread "C2 CompilerThread1" daemon [_thread_in_native, id=2052, stack(0x000000f575500000,0x000000f575600000)]


Current CompileTask:
C2:  44796 8310       4       org.gradle.internal.reflect.ClassInspector::inspectClass (179 bytes)

Stack: [0x000000f575500000,0x000000f575600000]
Native frames: (J=compiled Java code, j=interpreted, Vv=VM code, C=native code)
V  [jvm.dll+0x64135a]
V  [jvm.dll+0x7d39f9]
V  [jvm.dll+0x7d51b9]
V  [jvm.dll+0x7d58a3]
V  [jvm.dll+0x2691c5]
V  [jvm.dll+0xc1a5c]
V  [jvm.dll+0xc200c]
V  [jvm.dll+0x3774a7]
V  [jvm.dll+0x342495]
V  [jvm.dll+0x34186a]
V  [jvm.dll+0x2214bd]
V  [jvm.dll+0x220498]
V  [jvm.dll+0x19e851]
V  [jvm.dll+0x230479]
V  [jvm.dll+0x22e5ef]
V  [jvm.dll+0x794de1]
V  [jvm.dll+0x78dc24]
V  [jvm.dll+0x6400f6]
C  [ucrtbase.dll+0x21bb2]
C  [KERNEL32.DLL+0x17344]
C  [ntdll.dll+0x526b1]


---------------  P R O C E S S  ---------------

Threads class SMR info:
_java_thread_list=0x000002288090f1d0, length=80, elements={
0x00000228e0224000, 0x00000228f9e21800, 0x00000228f9e22800, 0x00000228f9e39000,
0x00000228f9e3a000, 0x00000228f9e3b000, 0x00000228f9e41000, 0x00000228fa7e9800,
0x00000228fa7f1000, 0x00000228fa8e9000, 0x00000228fc799000, 0x00000228fceaa800,
0x00000228fc7dc800, 0x00000228fa892000, 0x00000228fa893000, 0x00000228fc025000,
0x00000228fd717800, 0x00000228fc8a4000, 0x00000228fc22d800, 0x00000228fc22e800,
0x00000228fc22d000, 0x00000228fc22f000, 0x00000228fc22a800, 0x00000228fc230000,
0x00000228fc231000, 0x00000228fc22b000, 0x00000228fc22c000, 0x00000228fce61800,
0x00000228fce5e800, 0x00000228fce5f800, 0x00000228fce5c000, 0x00000228fce61000,
0x00000228fce5d000, 0x00000228fce64000, 0x00000228fce66000, 0x00000228fce60000,
0x00000228fce6a800, 0x00000228fce67800, 0x00000228fce68000, 0x00000228fce6a000,
0x00000228fce69000, 0x00000228fac7d800, 0x00000228fac7e800, 0x00000228fac81000,
0x00000228fac80000, 0x00000228fac7f000, 0x00000228fac81800, 0x00000228fac82800,
0x00000228fac7c800, 0x00000228fac89000, 0x00000228fac84000, 0x00000228fac88000,
0x00000228fac85800, 0x00000228fac86800, 0x00000228fac83800, 0x00000228fac87800,
0x00000228fac8a000, 0x00000228fac8a800, 0x00000228fac85000, 0x00000228fac8b800,
0x00000228fca72000, 0x00000228fca70000, 0x00000228fca72800, 0x00000228fca71000,
0x00000228fca76000, 0x00000228fca73800, 0x00000228fca74800, 0x00000228fca7a000,
0x00000228fca77800, 0x00000228fca78800, 0x00000228fca75000, 0x00000228fca79000,
0x00000228fca7b000, 0x00000228fca7b800, 0x00000228fca7c800, 0x00000228fca76800,
0x00000228fca7d800, 0x00000228fca7e000, 0x00000228fca7f000, 0x00000228fe41e000
}

Java Threads: ( => current thread )
  0x00000228e0224000 JavaThread "main" [_thread_blocked, id=3328, stack(0x000000f572900000,0x000000f572a00000)]
  0x00000228f9e21800 JavaThread "Reference Handler" daemon [_thread_blocked, id=1324, stack(0x000000f573000000,0x000000f573100000)]
  0x00000228f9e22800 JavaThread "Finalizer" daemon [_thread_blocked, id=4056, stack(0x000000f573100000,0x000000f573200000)]
  0x00000228f9e39000 JavaThread "Signal Dispatcher" daemon [_thread_blocked, id=6928, stack(0x000000f573200000,0x000000f573300000)]
  0x00000228f9e3a000 JavaThread "Attach Listener" daemon [_thread_blocked, id=6692, stack(0x000000f573300000,0x000000f573400000)]
  0x00000228f9e3b000 JavaThread "Service Thread" daemon [_thread_blocked, id=9844, stack(0x000000f573400000,0x000000f573500000)]
  0x00000228f9e41000 JavaThread "C2 CompilerThread0" daemon [_thread_in_native, id=6608, stack(0x000000f573500000,0x000000f573600000)]
  0x00000228fa7e9800 JavaThread "C1 CompilerThread0" daemon [_thread_blocked, id=2024, stack(0x000000f573600000,0x000000f573700000)]
  0x00000228fa7f1000 JavaThread "Sweeper thread" daemon [_thread_blocked, id=9240, stack(0x000000f573700000,0x000000f573800000)]
  0x00000228fa8e9000 JavaThread "Common-Cleaner" daemon [_thread_blocked, id=10048, stack(0x000000f573800000,0x000000f573900000)]
  0x00000228fc799000 JavaThread "Daemon health stats" [_thread_blocked, id=10036, stack(0x000000f573c00000,0x000000f573d00000)]
  0x00000228fceaa800 JavaThread "Incoming local TCP Connector on port 51281" [_thread_in_native, id=2992, stack(0x000000f573b00000,0x000000f573c00000)]
  0x00000228fc7dc800 JavaThread "Daemon periodic checks" [_thread_blocked, id=4580, stack(0x000000f573d00000,0x000000f573e00000)]
  0x00000228fa892000 JavaThread "Daemon" [_thread_blocked, id=6256, stack(0x000000f573e00000,0x000000f573f00000)]
  0x00000228fa893000 JavaThread "Handler for socket connection from /127.0.0.1:51281 to /127.0.0.1:51282" [_thread_in_native, id=5444, stack(0x000000f573f00000,0x000000f574000000)]
  0x00000228fc025000 JavaThread "Cancel handler" [_thread_blocked, id=9408, stack(0x000000f574000000,0x000000f574100000)]
  0x00000228fd717800 JavaThread "Daemon worker" [_thread_in_Java, id=5824, stack(0x000000f574100000,0x000000f574200000)]
  0x00000228fc8a4000 JavaThread "Asynchronous log dispatcher for DefaultDaemonConnection: socket connection from /127.0.0.1:51281 to /127.0.0.1:51282" [_thread_blocked, id=3392, stack(0x000000f574200000,0x000000f574300000)]
  0x00000228fc22d800 JavaThread "Stdin handler" [_thread_blocked, id=6272, stack(0x000000f574300000,0x000000f574400000)]
  0x00000228fc22e800 JavaThread "Daemon client event forwarder" [_thread_blocked, id=5572, stack(0x000000f574400000,0x000000f574500000)]
  0x00000228fc22d000 JavaThread "Cache worker for journal cache (C:\Users\acer\.gradle\caches\journal-1)" [_thread_blocked, id=1228, stack(0x000000f574700000,0x000000f574800000)]
  0x00000228fc22f000 JavaThread "File lock request listener" [_thread_in_native, id=4956, stack(0x000000f574800000,0x000000f574900000)]
  0x00000228fc22a800 JavaThread "Cache worker for file hash cache (C:\Users\acer\.gradle\caches\7.5\fileHashes)" [_thread_blocked, id=3144, stack(0x000000f574900000,0x000000f574a00000)]
  0x00000228fc230000 JavaThread "File watcher server" daemon [_thread_in_native, id=6468, stack(0x000000f574a00000,0x000000f574b00000)]
  0x00000228fc231000 JavaThread "File watcher consumer" daemon [_thread_blocked, id=10012, stack(0x000000f574b00000,0x000000f574c00000)]
  0x00000228fc22b000 JavaThread "Cache worker for checksums cache (C:\Users\acer\Downloads\Pbs Project\20sep\firebaseStorageApk-master\firebaseStorageApk-master\.gradle\7.5\checksums)" [_thread_blocked, id=6568, stack(0x000000f574c00000,0x000000f574d00000)]
  0x00000228fc22c000 JavaThread "Cache worker for cache directory md-rule (C:\Users\acer\.gradle\caches\7.5\md-rule)" [_thread_blocked, id=9212, stack(0x000000f574d00000,0x000000f574e00000)]
  0x00000228fce61800 JavaThread "Cache worker for file content cache (C:\Users\acer\.gradle\caches\7.5\fileContent)" [_thread_blocked, id=9960, stack(0x000000f574e00000,0x000000f574f00000)]
  0x00000228fce5e800 JavaThread "Cache worker for file hash cache (C:\Users\acer\Downloads\Pbs Project\20sep\firebaseStorageApk-master\firebaseStorageApk-master\.gradle\7.5\fileHashes)" [_thread_blocked, id=5320, stack(0x000000f574f00000,0x000000f575000000)]
  0x00000228fce5f800 JavaThread "Cache worker for cache directory md-supplier (C:\Users\acer\.gradle\caches\7.5\md-supplier)" [_thread_blocked, id=8404, stack(0x000000f575000000,0x000000f575100000)]
  0x00000228fce5c000 JavaThread "Cache worker for execution history cache (C:\Users\acer\.gradle\caches\7.5\executionHistory)" [_thread_blocked, id=4108, stack(0x000000f575100000,0x000000f575200000)]
  0x00000228fce61000 JavaThread "jar transforms" [_thread_blocked, id=1260, stack(0x000000f575200000,0x000000f575300000)]
  0x00000228fce5d000 JavaThread "jar transforms Thread 2" [_thread_blocked, id=2592, stack(0x000000f575400000,0x000000f575500000)]
  0x00000228fce64000 JavaThread "jar transforms Thread 3" [_thread_blocked, id=9084, stack(0x000000f575300000,0x000000f575400000)]
  0x00000228fce66000 JavaThread "jar transforms Thread 4" [_thread_blocked, id=5972, stack(0x000000f575600000,0x000000f575700000)]
  0x00000228fce60000 JavaThread "Cache worker for dependencies-accessors (C:\Users\acer\Downloads\Pbs Project\20sep\firebaseStorageApk-master\firebaseStorageApk-master\.gradle\7.5\dependencies-accessors)" [_thread_blocked, id=1804, stack(0x000000f575700000,0x000000f575800000)]
  0x00000228fce6a800 JavaThread "Cache worker for Build Output Cleanup Cache (C:\Users\acer\Downloads\Pbs Project\20sep\firebaseStorageApk-master\firebaseStorageApk-master\.gradle\buildOutputCleanup)" [_thread_blocked, id=5960, stack(0x000000f575800000,0x000000f575900000)]
  0x00000228fce67800 JavaThread "Unconstrained build operations" [_thread_blocked, id=6260, stack(0x000000f575900000,0x000000f575a00000)]
  0x00000228fce68000 JavaThread "Unconstrained build operations Thread 2" [_thread_blocked, id=404, stack(0x000000f575a00000,0x000000f575b00000)]
  0x00000228fce6a000 JavaThread "Unconstrained build operations Thread 3" [_thread_blocked, id=692, stack(0x000000f575b00000,0x000000f575c00000)]
  0x00000228fce69000 JavaThread "Unconstrained build operations Thread 4" [_thread_blocked, id=7748, stack(0x000000f575c00000,0x000000f575d00000)]
  0x00000228fac7d800 JavaThread "Unconstrained build operations Thread 5" [_thread_blocked, id=9676, stack(0x000000f575d00000,0x000000f575e00000)]
  0x00000228fac7e800 JavaThread "Unconstrained build operations Thread 6" [_thread_blocked, id=1640, stack(0x000000f575e00000,0x000000f575f00000)]
  0x00000228fac81000 JavaThread "Unconstrained build operations Thread 7" [_thread_blocked, id=10220, stack(0x000000f575f00000,0x000000f576000000)]
  0x00000228fac80000 JavaThread "Unconstrained build operations Thread 8" [_thread_blocked, id=6240, stack(0x000000f576000000,0x000000f576100000)]
  0x00000228fac7f000 JavaThread "Unconstrained build operations Thread 9" [_thread_blocked, id=2900, stack(0x000000f576100000,0x000000f576200000)]
  0x00000228fac81800 JavaThread "Unconstrained build operations Thread 10" [_thread_blocked, id=7856, stack(0x000000f576200000,0x000000f576300000)]
  0x00000228fac82800 JavaThread "Unconstrained build operations Thread 11" [_thread_blocked, id=8860, stack(0x000000f576300000,0x000000f576400000)]
  0x00000228fac7c800 JavaThread "Unconstrained build operations Thread 12" [_thread_blocked, id=9040, stack(0x000000f576400000,0x000000f576500000)]
  0x00000228fac89000 JavaThread "Unconstrained build operations Thread 13" [_thread_blocked, id=6680, stack(0x000000f576500000,0x000000f576600000)]
  0x00000228fac84000 JavaThread "Unconstrained build operations Thread 14" [_thread_blocked, id=10080, stack(0x000000f576600000,0x000000f576700000)]
  0x00000228fac88000 JavaThread "Unconstrained build operations Thread 15" [_thread_blocked, id=8968, stack(0x000000f576700000,0x000000f576800000)]
  0x00000228fac85800 JavaThread "Unconstrained build operations Thread 16" [_thread_blocked, id=9400, stack(0x000000f576800000,0x000000f576900000)]
  0x00000228fac86800 JavaThread "Unconstrained build operations Thread 17" [_thread_blocked, id=3196, stack(0x000000f576900000,0x000000f576a00000)]
  0x00000228fac83800 JavaThread "Unconstrained build operations Thread 18" [_thread_blocked, id=8360, stack(0x000000f576a00000,0x000000f576b00000)]
  0x00000228fac87800 JavaThread "Unconstrained build operations Thread 19" [_thread_blocked, id=9596, stack(0x000000f576b00000,0x000000f576c00000)]
  0x00000228fac8a000 JavaThread "Unconstrained build operations Thread 20" [_thread_blocked, id=7992, stack(0x000000f576c00000,0x000000f576d00000)]
  0x00000228fac8a800 JavaThread "Unconstrained build operations Thread 21" [_thread_blocked, id=8800, stack(0x000000f576d00000,0x000000f576e00000)]
  0x00000228fac85000 JavaThread "Unconstrained build operations Thread 22" [_thread_blocked, id=9624, stack(0x000000f576e00000,0x000000f576f00000)]
  0x00000228fac8b800 JavaThread "Unconstrained build operations Thread 23" [_thread_blocked, id=1596, stack(0x000000f576f00000,0x000000f577000000)]
  0x00000228fca72000 JavaThread "Unconstrained build operations Thread 24" [_thread_blocked, id=3252, stack(0x000000f577000000,0x000000f577100000)]
  0x00000228fca70000 JavaThread "Unconstrained build operations Thread 25" [_thread_blocked, id=3492, stack(0x000000f577100000,0x000000f577200000)]
  0x00000228fca72800 JavaThread "Unconstrained build operations Thread 26" [_thread_blocked, id=4100, stack(0x000000f577200000,0x000000f577300000)]
  0x00000228fca71000 JavaThread "Unconstrained build operations Thread 27" [_thread_blocked, id=4240, stack(0x000000f577300000,0x000000f577400000)]
  0x00000228fca76000 JavaThread "Unconstrained build operations Thread 28" [_thread_blocked, id=9004, stack(0x000000f577400000,0x000000f577500000)]
  0x00000228fca73800 JavaThread "Unconstrained build operations Thread 29" [_thread_blocked, id=7496, stack(0x000000f577500000,0x000000f577600000)]
  0x00000228fca74800 JavaThread "Unconstrained build operations Thread 30" [_thread_blocked, id=9044, stack(0x000000f577600000,0x000000f577700000)]
  0x00000228fca7a000 JavaThread "Unconstrained build operations Thread 31" [_thread_blocked, id=5404, stack(0x000000f577700000,0x000000f577800000)]
  0x00000228fca77800 JavaThread "Unconstrained build operations Thread 32" [_thread_blocked, id=9524, stack(0x000000f577800000,0x000000f577900000)]
  0x00000228fca78800 JavaThread "Unconstrained build operations Thread 33" [_thread_blocked, id=1000, stack(0x000000f577900000,0x000000f577a00000)]
  0x00000228fca75000 JavaThread "Unconstrained build operations Thread 34" [_thread_blocked, id=2888, stack(0x000000f577a00000,0x000000f577b00000)]
  0x00000228fca79000 JavaThread "Unconstrained build operations Thread 35" [_thread_blocked, id=6552, stack(0x000000f577b00000,0x000000f577c00000)]
  0x00000228fca7b000 JavaThread "Unconstrained build operations Thread 36" [_thread_blocked, id=7064, stack(0x000000f577c00000,0x000000f577d00000)]
  0x00000228fca7b800 JavaThread "Unconstrained build operations Thread 37" [_thread_blocked, id=3420, stack(0x000000f577d00000,0x000000f577e00000)]
  0x00000228fca7c800 JavaThread "Unconstrained build operations Thread 38" [_thread_blocked, id=6348, stack(0x000000f577e00000,0x000000f577f00000)]
  0x00000228fca76800 JavaThread "Unconstrained build operations Thread 39" [_thread_blocked, id=2528, stack(0x000000f577f00000,0x000000f578000000)]
  0x00000228fca7d800 JavaThread "Unconstrained build operations Thread 40" [_thread_blocked, id=4784, stack(0x000000f578000000,0x000000f578100000)]
  0x00000228fca7e000 JavaThread "build event listener" [_thread_blocked, id=5424, stack(0x000000f572600000,0x000000f572700000)]
  0x00000228fca7f000 JavaThread "Memory manager" [_thread_blocked, id=5984, stack(0x000000f578100000,0x000000f578200000)]
=>0x00000228fe41e000 JavaThread "C2 CompilerThread1" daemon [_thread_in_native, id=2052, stack(0x000000f575500000,0x000000f575600000)]

Other Threads:
  0x00000228f9e1e800 VMThread "VM Thread" [stack: 0x000000f572f00000,0x000000f573000000] [id=7408]
  0x00000228fa90f000 WatcherThread [stack: 0x000000f573900000,0x000000f573a00000] [id=10100]
  0x00000228e023c800 GCTaskThread "GC Thread#0" [stack: 0x000000f572a00000,0x000000f572b00000] [id=9876]
  0x00000228fad36800 GCTaskThread "GC Thread#1" [stack: 0x000000f573a00000,0x000000f573b00000] [id=8452]
  0x00000228fbfac000 GCTaskThread "GC Thread#2" [stack: 0x000000f574500000,0x000000f574600000] [id=7528]
  0x00000228fbf15000 GCTaskThread "GC Thread#3" [stack: 0x000000f574600000,0x000000f574700000] [id=9832]
  0x00000228e026f000 ConcurrentGCThread "G1 Main Marker" [stack: 0x000000f572b00000,0x000000f572c00000] [id=3184]
  0x00000228e0270000 ConcurrentGCThread "G1 Conc#0" [stack: 0x000000f572c00000,0x000000f572d00000] [id=2776]
  0x00000228e02e7800 ConcurrentGCThread "G1 Refine#0" [stack: 0x000000f572d00000,0x000000f572e00000] [id=9316]
  0x00000228e02e8800 ConcurrentGCThread "G1 Young RemSet Sampling" [stack: 0x000000f572e00000,0x000000f572f00000] [id=8064]

Threads with active compile tasks:
C2 CompilerThread0    44851 8337       4       sun.reflect.generics.visitor.Reifier::visitClassTypeSignature (381 bytes)
C2 CompilerThread1    44852 8310       4       org.gradle.internal.reflect.ClassInspector::inspectClass (179 bytes)

VM state:not at safepoint (normal execution)

VM Mutex/Monitor currently owned by a thread: None

Heap address: 0x0000000080000000, size: 2048 MB, Compressed Oops mode: 32-bit
Narrow klass base: 0x0000000000000000, Narrow klass shift: 3
Compressed class space size: 1073741824 Address: 0x0000000100000000

Heap:
 garbage-first heap   total 138240K, used 93969K [0x0000000080000000, 0x0000000100000000)
  region size 1024K, 24 young (24576K), 5 survivors (5120K)
 Metaspace       used 79453K, capacity 81421K, committed 81616K, reserved 1120256K
  class space    used 10278K, capacity 11047K, committed 11084K, reserved 1048576K
Heap Regions: E=young(eden), S=young(survivor), O=old, HS=humongous(starts), HC=humongous(continues), CS=collection set, F=free, A=archive, TAMS=top-at-mark-start (previous, next)
|   0|0x0000000080000000, 0x0000000080100000, 0x0000000080100000|100%|HS|  |TAMS 0x0000000080100000, 0x0000000080000000| Complete 
|   1|0x0000000080100000, 0x0000000080200000, 0x0000000080200000|100%|HC|  |TAMS 0x0000000080200000, 0x0000000080100000| Complete 
|   2|0x0000000080200000, 0x0000000080300000, 0x0000000080300000|100%|HC|  |TAMS 0x0000000080300000, 0x0000000080200000| Complete 
|   3|0x0000000080300000, 0x0000000080400000, 0x0000000080400000|100%| O|  |TAMS 0x0000000080400000, 0x0000000080300000| Untracked 
|   4|0x0000000080400000, 0x0000000080500000, 0x0000000080500000|100%| O|  |TAMS 0x0000000080500000, 0x0000000080400000| Untracked 
|   5|0x0000000080500000, 0x0000000080600000, 0x0000000080600000|100%| O|  |TAMS 0x0000000080600000, 0x0000000080500000| Untracked 
|   6|0x0000000080600000, 0x0000000080700000, 0x0000000080700000|100%| O|  |TAMS 0x0000000080700000, 0x0000000080600000| Untracked 
|   7|0x0000000080700000, 0x0000000080800000, 0x0000000080800000|100%| O|  |TAMS 0x0000000080800000, 0x0000000080700000| Untracked 
|   8|0x0000000080800000, 0x0000000080900000, 0x0000000080900000|100%| O|  |TAMS 0x0000000080900000, 0x0000000080800000| Untracked 
|   9|0x0000000080900000, 0x0000000080a00000, 0x0000000080a00000|100%| O|  |TAMS 0x0000000080a00000, 0x0000000080900000| Untracked 
|  10|0x0000000080a00000, 0x0000000080b00000, 0x0000000080b00000|100%| O|  |TAMS 0x0000000080b00000, 0x0000000080a00000| Untracked 
|  11|0x0000000080b00000, 0x0000000080c00000, 0x0000000080c00000|100%| O|  |TAMS 0x0000000080c00000, 0x0000000080b00000| Untracked 
|  12|0x0000000080c00000, 0x0000000080d00000, 0x0000000080d00000|100%| O|  |TAMS 0x0000000080d00000, 0x0000000080c00000| Untracked 
|  13|0x0000000080d00000, 0x0000000080e00000, 0x0000000080e00000|100%| O|  |TAMS 0x0000000080e00000, 0x0000000080d00000| Untracked 
|  14|0x0000000080e00000, 0x0000000080f00000, 0x0000000080f00000|100%| O|  |TAMS 0x0000000080f00000, 0x0000000080e00000| Untracked 
|  15|0x0000000080f00000, 0x0000000081000000, 0x0000000081000000|100%| O|  |TAMS 0x0000000081000000, 0x0000000080f00000| Untracked 
|  16|0x0000000081000000, 0x0000000081100000, 0x0000000081100000|100%| O|  |TAMS 0x0000000081100000, 0x0000000081000000| Untracked 
|  17|0x0000000081100000, 0x0000000081200000, 0x0000000081200000|100%|HS|  |TAMS 0x0000000081200000, 0x0000000081100000| Complete 
|  18|0x0000000081200000, 0x0000000081300000, 0x0000000081300000|100%| O|  |TAMS 0x0000000081300000, 0x0000000081200000| Untracked 
|  19|0x0000000081300000, 0x0000000081400000, 0x0000000081400000|100%| O|  |TAMS 0x0000000081400000, 0x0000000081300000| Untracked 
|  20|0x0000000081400000, 0x0000000081500000, 0x0000000081500000|100%| O|  |TAMS 0x0000000081500000, 0x0000000081400000| Untracked 
|  21|0x0000000081500000, 0x0000000081600000, 0x0000000081600000|100%| O|  |TAMS 0x0000000081600000, 0x0000000081500000| Untracked 
|  22|0x0000000081600000, 0x0000000081700000, 0x0000000081700000|100%| O|  |TAMS 0x0000000081700000, 0x0000000081600000| Untracked 
|  23|0x0000000081700000, 0x0000000081800000, 0x0000000081800000|100%| O|  |TAMS 0x0000000081800000, 0x0000000081700000| Untracked 
|  24|0x0000000081800000, 0x0000000081900000, 0x0000000081900000|100%| O|  |TAMS 0x0000000081900000, 0x0000000081800000| Untracked 
|  25|0x0000000081900000, 0x0000000081a00000, 0x0000000081a00000|100%| O|  |TAMS 0x0000000081a00000, 0x0000000081900000| Untracked 
|  26|0x0000000081a00000, 0x0000000081b00000, 0x0000000081b00000|100%| O|  |TAMS 0x0000000081b00000, 0x0000000081a00000| Untracked 
|  27|0x0000000081b00000, 0x0000000081c00000, 0x0000000081c00000|100%| O|  |TAMS 0x0000000081c00000, 0x0000000081b00000| Untracked 
|  28|0x0000000081c00000, 0x0000000081d00000, 0x0000000081d00000|100%| O|  |TAMS 0x0000000081d00000, 0x0000000081c00000| Untracked 
|  29|0x0000000081d00000, 0x0000000081e00000, 0x0000000081e00000|100%|HS|  |TAMS 0x0000000081e00000, 0x0000000081d00000| Complete 
|  30|0x0000000081e00000, 0x0000000081f00000, 0x0000000081f00000|100%|HS|  |TAMS 0x0000000081f00000, 0x0000000081e00000| Complete 
|  31|0x0000000081f00000, 0x0000000082000000, 0x0000000082000000|100%|HC|  |TAMS 0x0000000082000000, 0x0000000081f00000| Complete 
|  32|0x0000000082000000, 0x0000000082100000, 0x0000000082100000|100%|HS|  |TAMS 0x0000000082100000, 0x0000000082000000| Complete 
|  33|0x0000000082100000, 0x0000000082200000, 0x0000000082200000|100%|HC|  |TAMS 0x0000000082200000, 0x0000000082100000| Complete 
|  34|0x0000000082200000, 0x0000000082300000, 0x0000000082300000|100%|HC|  |TAMS 0x0000000082300000, 0x0000000082200000| Complete 
|  35|0x0000000082300000, 0x0000000082400000, 0x0000000082400000|100%|HC|  |TAMS 0x0000000082400000, 0x0000000082300000| Complete 
|  36|0x0000000082400000, 0x0000000082500000, 0x0000000082500000|100%| O|  |TAMS 0x0000000082500000, 0x0000000082400000| Untracked 
|  37|0x0000000082500000, 0x0000000082600000, 0x0000000082600000|100%| O|  |TAMS 0x0000000082600000, 0x0000000082500000| Untracked 
|  38|0x0000000082600000, 0x0000000082700000, 0x0000000082700000|100%| O|  |TAMS 0x0000000082700000, 0x0000000082600000| Untracked 
|  39|0x0000000082700000, 0x0000000082800000, 0x0000000082800000|100%| O|  |TAMS 0x0000000082800000, 0x0000000082700000| Untracked 
|  40|0x0000000082800000, 0x0000000082900000, 0x0000000082900000|100%| O|  |TAMS 0x0000000082900000, 0x0000000082800000| Untracked 
|  41|0x0000000082900000, 0x0000000082a00000, 0x0000000082a00000|100%| O|  |TAMS 0x0000000082a00000, 0x0000000082900000| Untracked 
|  42|0x0000000082a00000, 0x0000000082b00000, 0x0000000082b00000|100%| O|  |TAMS 0x0000000082b00000, 0x0000000082a00000| Untracked 
|  43|0x0000000082b00000, 0x0000000082c00000, 0x0000000082c00000|100%| O|  |TAMS 0x0000000082c00000, 0x0000000082b00000| Untracked 
|  44|0x0000000082c00000, 0x0000000082d00000, 0x0000000082d00000|100%| O|  |TAMS 0x0000000082d00000, 0x0000000082c00000| Untracked 
|  45|0x0000000082d00000, 0x0000000082e00000, 0x0000000082e00000|100%| O|  |TAMS 0x0000000082e00000, 0x0000000082d00000| Untracked 
|  46|0x0000000082e00000, 0x0000000082f00000, 0x0000000082f00000|100%| O|  |TAMS 0x0000000082f00000, 0x0000000082e00000| Untracked 
|  47|0x0000000082f00000, 0x0000000083000000, 0x0000000083000000|100%| O|  |TAMS 0x0000000083000000, 0x0000000082f00000| Untracked 
|  48|0x0000000083000000, 0x0000000083100000, 0x0000000083100000|100%| O|  |TAMS 0x0000000083100000, 0x0000000083000000| Untracked 
|  49|0x0000000083100000, 0x0000000083200000, 0x0000000083200000|100%| O|  |TAMS 0x0000000083200000, 0x0000000083100000| Untracked 
|  50|0x0000000083200000, 0x0000000083300000, 0x0000000083300000|100%| O|  |TAMS 0x0000000083300000, 0x0000000083200000| Untracked 
|  51|0x0000000083300000, 0x0000000083400000, 0x0000000083400000|100%| O|  |TAMS 0x0000000083400000, 0x0000000083300000| Untracked 
|  52|0x0000000083400000, 0x0000000083500000, 0x0000000083500000|100%| O|  |TAMS 0x0000000083500000, 0x0000000083400000| Untracked 
|  53|0x0000000083500000, 0x0000000083600000, 0x0000000083600000|100%| O|  |TAMS 0x0000000083600000, 0x0000000083500000| Untracked 
|  54|0x0000000083600000, 0x0000000083700000, 0x0000000083700000|100%| O|  |TAMS 0x0000000083700000, 0x0000000083600000| Untracked 
|  55|0x0000000083700000, 0x0000000083800000, 0x0000000083800000|100%| O|  |TAMS 0x0000000083800000, 0x0000000083700000| Untracked 
|  56|0x0000000083800000, 0x0000000083900000, 0x0000000083900000|100%| O|  |TAMS 0x0000000083900000, 0x0000000083800000| Untracked 
|  57|0x0000000083900000, 0x0000000083a00000, 0x0000000083a00000|100%| O|  |TAMS 0x0000000083a00000, 0x0000000083900000| Untracked 
|  58|0x0000000083a00000, 0x0000000083b00000, 0x0000000083b00000|100%| O|  |TAMS 0x0000000083b00000, 0x0000000083a00000| Untracked 
|  59|0x0000000083b00000, 0x0000000083c00000, 0x0000000083c00000|100%| O|  |TAMS 0x0000000083c00000, 0x0000000083b00000| Untracked 
|  60|0x0000000083c00000, 0x0000000083d00000, 0x0000000083d00000|100%| O|  |TAMS 0x0000000083d00000, 0x0000000083c00000| Untracked 
|  61|0x0000000083d00000, 0x0000000083e00000, 0x0000000083e00000|100%| O|  |TAMS 0x0000000083e00000, 0x0000000083d00000| Untracked 
|  62|0x0000000083e00000, 0x0000000083f00000, 0x0000000083f00000|100%| O|  |TAMS 0x0000000083f00000, 0x0000000083e00000| Untracked 
|  63|0x0000000083f00000, 0x0000000084000000, 0x0000000084000000|100%| O|  |TAMS 0x0000000084000000, 0x0000000083f00000| Untracked 
|  64|0x0000000084000000, 0x0000000084100000, 0x0000000084100000|100%| O|  |TAMS 0x0000000084100000, 0x0000000084000000| Untracked 
|  65|0x0000000084100000, 0x0000000084200000, 0x0000000084200000|100%| O|  |TAMS 0x0000000084200000, 0x0000000084100000| Untracked 
|  66|0x0000000084200000, 0x0000000084300000, 0x0000000084300000|100%| O|  |TAMS 0x0000000084300000, 0x0000000084200000| Untracked 
|  67|0x0000000084300000, 0x0000000084400000, 0x0000000084400000|100%| O|  |TAMS 0x0000000084400000, 0x0000000084300000| Untracked 
|  68|0x0000000084400000, 0x0000000084500000, 0x0000000084500000|100%| O|  |TAMS 0x0000000084500000, 0x0000000084400000| Untracked 
|  69|0x0000000084500000, 0x00000000845a1000, 0x0000000084600000| 62%| O|  |TAMS 0x00000000845a1000, 0x0000000084500000| Untracked 
|  70|0x0000000084600000, 0x0000000084600000, 0x0000000084700000|  0%| F|  |TAMS 0x0000000084600000, 0x0000000084600000| Untracked 
|  71|0x0000000084700000, 0x0000000084700000, 0x0000000084800000|  0%| F|  |TAMS 0x0000000084700000, 0x0000000084700000| Untracked 
|  72|0x0000000084800000, 0x0000000084800000, 0x0000000084900000|  0%| F|  |TAMS 0x0000000084800000, 0x0000000084800000| Untracked 
|  73|0x0000000084900000, 0x0000000084900000, 0x0000000084a00000|  0%| F|  |TAMS 0x0000000084900000, 0x0000000084900000| Untracked 
|  74|0x0000000084a00000, 0x0000000084a00000, 0x0000000084b00000|  0%| F|  |TAMS 0x0000000084a00000, 0x0000000084a00000| Untracked 
|  75|0x0000000084b00000, 0x0000000084b00000, 0x0000000084c00000|  0%| F|  |TAMS 0x0000000084b00000, 0x0000000084b00000| Untracked 
|  76|0x0000000084c00000, 0x0000000084c00000, 0x0000000084d00000|  0%| F|  |TAMS 0x0000000084c00000, 0x0000000084c00000| Untracked 
|  77|0x0000000084d00000, 0x0000000084d00000, 0x0000000084e00000|  0%| F|  |TAMS 0x0000000084d00000, 0x0000000084d00000| Untracked 
|  78|0x0000000084e00000, 0x0000000084e00000, 0x0000000084f00000|  0%| F|  |TAMS 0x0000000084e00000, 0x0000000084e00000| Untracked 
|  79|0x0000000084f00000, 0x0000000084f00000, 0x0000000085000000|  0%| F|  |TAMS 0x0000000084f00000, 0x0000000084f00000| Untracked 
|  80|0x0000000085000000, 0x0000000085000000, 0x0000000085100000|  0%| F|  |TAMS 0x0000000085000000, 0x0000000085000000| Untracked 
|  81|0x0000000085100000, 0x0000000085100000, 0x0000000085200000|  0%| F|  |TAMS 0x0000000085100000, 0x0000000085100000| Untracked 
|  82|0x0000000085200000, 0x0000000085200000, 0x0000000085300000|  0%| F|  |TAMS 0x0000000085200000, 0x0000000085200000| Untracked 
|  83|0x0000000085300000, 0x0000000085300000, 0x0000000085400000|  0%| F|  |TAMS 0x0000000085300000, 0x0000000085300000| Untracked 
|  84|0x0000000085400000, 0x0000000085400000, 0x0000000085500000|  0%| F|  |TAMS 0x0000000085400000, 0x0000000085400000| Untracked 
|  85|0x0000000085500000, 0x0000000085500000, 0x0000000085600000|  0%| F|  |TAMS 0x0000000085500000, 0x0000000085500000| Untracked 
|  86|0x0000000085600000, 0x0000000085600000, 0x0000000085700000|  0%| F|  |TAMS 0x0000000085600000, 0x0000000085600000| Untracked 
|  87|0x0000000085700000, 0x0000000085700000, 0x0000000085800000|  0%| F|  |TAMS 0x0000000085700000, 0x0000000085700000| Untracked 
|  88|0x0000000085800000, 0x0000000085800000, 0x0000000085900000|  0%| F|  |TAMS 0x0000000085800000, 0x0000000085800000| Untracked 
|  89|0x0000000085900000, 0x0000000085900000, 0x0000000085a00000|  0%| F|  |TAMS 0x0000000085900000, 0x0000000085900000| Untracked 
|  90|0x0000000085a00000, 0x0000000085a00000, 0x0000000085b00000|  0%| F|  |TAMS 0x0000000085a00000, 0x0000000085a00000| Untracked 
|  91|0x0000000085b00000, 0x0000000085b00000, 0x0000000085c00000|  0%| F|  |TAMS 0x0000000085b00000, 0x0000000085b00000| Untracked 
|  92|0x0000000085c00000, 0x0000000085c00000, 0x0000000085d00000|  0%| F|  |TAMS 0x0000000085c00000, 0x0000000085c00000| Untracked 
|  93|0x0000000085d00000, 0x0000000085d00000, 0x0000000085e00000|  0%| F|  |TAMS 0x0000000085d00000, 0x0000000085d00000| Untracked 
|  94|0x0000000085e00000, 0x0000000085e00000, 0x0000000085f00000|  0%| F|  |TAMS 0x0000000085e00000, 0x0000000085e00000| Untracked 
|  95|0x0000000085f00000, 0x0000000085f00000, 0x0000000086000000|  0%| F|  |TAMS 0x0000000085f00000, 0x0000000085f00000| Untracked 
|  96|0x0000000086000000, 0x0000000086000000, 0x0000000086100000|  0%| F|  |TAMS 0x0000000086000000, 0x0000000086000000| Untracked 
|  97|0x0000000086100000, 0x00000000861234b0, 0x0000000086200000| 13%| S|CS|TAMS 0x0000000086100000, 0x0000000086100000| Complete 
|  98|0x0000000086200000, 0x0000000086300000, 0x0000000086300000|100%| S|CS|TAMS 0x0000000086200000, 0x0000000086200000| Complete 
|  99|0x0000000086300000, 0x0000000086400000, 0x0000000086400000|100%| S|CS|TAMS 0x0000000086300000, 0x0000000086300000| Complete 
| 100|0x0000000086400000, 0x0000000086500000, 0x0000000086500000|100%| S|CS|TAMS 0x0000000086400000, 0x0000000086400000| Complete 
| 101|0x0000000086500000, 0x0000000086600000, 0x0000000086600000|100%| S|CS|TAMS 0x0000000086500000, 0x0000000086500000| Complete 
| 102|0x0000000086600000, 0x0000000086600000, 0x0000000086700000|  0%| F|  |TAMS 0x0000000086600000, 0x0000000086600000| Untracked 
| 103|0x0000000086700000, 0x0000000086700000, 0x0000000086800000|  0%| F|  |TAMS 0x0000000086700000, 0x0000000086700000| Untracked 
| 104|0x0000000086800000, 0x0000000086800000, 0x0000000086900000|  0%| F|  |TAMS 0x0000000086800000, 0x0000000086800000| Untracked 
| 105|0x0000000086900000, 0x0000000086900000, 0x0000000086a00000|  0%| F|  |TAMS 0x0000000086900000, 0x0000000086900000| Untracked 
| 106|0x0000000086a00000, 0x0000000086a00000, 0x0000000086b00000|  0%| F|  |TAMS 0x0000000086a00000, 0x0000000086a00000| Untracked 
| 107|0x0000000086b00000, 0x0000000086b00000, 0x0000000086c00000|  0%| F|  |TAMS 0x0000000086b00000, 0x0000000086b00000| Untracked 
| 108|0x0000000086c00000, 0x0000000086c00000, 0x0000000086d00000|  0%| F|  |TAMS 0x0000000086c00000, 0x0000000086c00000| Untracked 
| 109|0x0000000086d00000, 0x0000000086d00000, 0x0000000086e00000|  0%| F|  |TAMS 0x0000000086d00000, 0x0000000086d00000| Untracked 
| 110|0x0000000086e00000, 0x0000000086e00000, 0x0000000086f00000|  0%| F|  |TAMS 0x0000000086e00000, 0x0000000086e00000| Untracked 
| 111|0x0000000086f00000, 0x0000000086f00000, 0x0000000087000000|  0%| F|  |TAMS 0x0000000086f00000, 0x0000000086f00000| Untracked 
| 112|0x0000000087000000, 0x0000000087000000, 0x0000000087100000|  0%| F|  |TAMS 0x0000000087000000, 0x0000000087000000| Untracked 
| 113|0x0000000087100000, 0x0000000087100000, 0x0000000087200000|  0%| F|  |TAMS 0x0000000087100000, 0x0000000087100000| Untracked 
| 114|0x0000000087200000, 0x0000000087200000, 0x0000000087300000|  0%| F|  |TAMS 0x0000000087200000, 0x0000000087200000| Untracked 
| 115|0x0000000087300000, 0x0000000087300000, 0x0000000087400000|  0%| F|  |TAMS 0x0000000087300000, 0x0000000087300000| Untracked 
| 116|0x0000000087400000, 0x0000000087500000, 0x0000000087500000|100%| E|  |TAMS 0x0000000087400000, 0x0000000087400000| Complete 
| 117|0x0000000087500000, 0x0000000087600000, 0x0000000087600000|100%| E|CS|TAMS 0x0000000087500000, 0x0000000087500000| Complete 
| 118|0x0000000087600000, 0x0000000087700000, 0x0000000087700000|100%| E|CS|TAMS 0x0000000087600000, 0x0000000087600000| Complete 
| 119|0x0000000087700000, 0x0000000087800000, 0x0000000087800000|100%| E|CS|TAMS 0x0000000087700000, 0x0000000087700000| Complete 
| 120|0x0000000087800000, 0x0000000087900000, 0x0000000087900000|100%| E|CS|TAMS 0x0000000087800000, 0x0000000087800000| Complete 
| 121|0x0000000087900000, 0x0000000087a00000, 0x0000000087a00000|100%| E|CS|TAMS 0x0000000087900000, 0x0000000087900000| Complete 
| 122|0x0000000087a00000, 0x0000000087b00000, 0x0000000087b00000|100%| E|CS|TAMS 0x0000000087a00000, 0x0000000087a00000| Complete 
| 123|0x0000000087b00000, 0x0000000087c00000, 0x0000000087c00000|100%| E|CS|TAMS 0x0000000087b00000, 0x0000000087b00000| Complete 
| 124|0x0000000087c00000, 0x0000000087d00000, 0x0000000087d00000|100%| E|CS|TAMS 0x0000000087c00000, 0x0000000087c00000| Complete 
| 125|0x0000000087d00000, 0x0000000087e00000, 0x0000000087e00000|100%| E|CS|TAMS 0x0000000087d00000, 0x0000000087d00000| Complete 
| 126|0x0000000087e00000, 0x0000000087f00000, 0x0000000087f00000|100%| E|CS|TAMS 0x0000000087e00000, 0x0000000087e00000| Complete 
| 127|0x0000000087f00000, 0x0000000088000000, 0x0000000088000000|100%| E|CS|TAMS 0x0000000087f00000, 0x0000000087f00000| Complete 
| 128|0x0000000088000000, 0x0000000088100000, 0x0000000088100000|100%| E|CS|TAMS 0x0000000088000000, 0x0000000088000000| Complete 
| 129|0x0000000088100000, 0x0000000088200000, 0x0000000088200000|100%| E|CS|TAMS 0x0000000088100000, 0x0000000088100000| Complete 
| 130|0x0000000088200000, 0x0000000088300000, 0x0000000088300000|100%| E|CS|TAMS 0x0000000088200000, 0x0000000088200000| Complete 
| 131|0x0000000088300000, 0x0000000088400000, 0x0000000088400000|100%| E|CS|TAMS 0x0000000088300000, 0x0000000088300000| Complete 
| 132|0x0000000088400000, 0x0000000088500000, 0x0000000088500000|100%| E|CS|TAMS 0x0000000088400000, 0x0000000088400000| Complete 
| 133|0x0000000088500000, 0x0000000088600000, 0x0000000088600000|100%| E|CS|TAMS 0x0000000088500000, 0x0000000088500000| Complete 
| 134|0x0000000088600000, 0x0000000088700000, 0x0000000088700000|100%| E|CS|TAMS 0x0000000088600000, 0x0000000088600000| Complete 

Card table byte_map: [0x00000228f3150000,0x00000228f3550000] _byte_map_base: 0x00000228f2d50000

Marking Bits (Prev, Next): (CMBitMap*) 0x00000228e0265f90, (CMBitMap*) 0x00000228e0265f58
 Prev Bits: [0x00000228f5950000, 0x00000228f7950000)
 Next Bits: [0x00000228f3950000, 0x00000228f5950000)

Polling page: 0x00000228de230000

Metaspace:

Usage:
  Non-class:     68.73 MB capacity,    67.58 MB ( 98%) used,   963.02 KB (  1%) free+waste,   215.75 KB ( <1%) overhead. 
      Class:     10.82 MB capacity,    10.04 MB ( 93%) used,   698.31 KB (  6%) free+waste,   100.69 KB ( <1%) overhead. 
       Both:     79.55 MB capacity,    77.62 MB ( 98%) used,     1.62 MB (  2%) free+waste,   316.44 KB ( <1%) overhead. 

Virtual space:
  Non-class space:       70.00 MB reserved,      68.88 MB ( 98%) committed 
      Class space:        1.00 GB reserved,      10.95 MB (  1%) committed 
             Both:        1.07 GB reserved,      79.83 MB (  7%) committed 

Chunk freelists:
   Non-Class:  28.00 KB
       Class:  24.00 KB
        Both:  52.00 KB

MaxMetaspaceSize: 17179869184.00 GB
CompressedClassSpaceSize: 1.00 GB
Initial GC threshold: 20.80 MB
Current GC threshold: 130.34 MB
CDS: off

CodeHeap 'non-profiled nmethods': size=120064Kb used=4975Kb max_used=4975Kb free=115088Kb
 bounds [0x00000228eb810000, 0x00000228ebcf0000, 0x00000228f2d50000]
CodeHeap 'profiled nmethods': size=120000Kb used=18056Kb max_used=18056Kb free=101943Kb
 bounds [0x00000228e42e0000, 0x00000228e5490000, 0x00000228eb810000]
CodeHeap 'non-nmethods': size=5696Kb used=2366Kb max_used=2423Kb free=3329Kb
 bounds [0x00000228e3d50000, 0x00000228e3fc0000, 0x00000228e42e0000]
 total_blobs=9183 nmethods=8298 adapters=798
 compilation: enabled
              stopped_count=0, restarted_count=0
 full_count=0

Compilation events (20 events):
Event: 44.676 Thread 0x00000228fa7e9800 nmethod 8336 0x00000228e5477590 code [0x00000228e54777e0, 0x00000228e5478048]
Event: 44.690 Thread 0x00000228f9e41000 nmethod 8320 0x00000228ebce9810 code [0x00000228ebce9a40, 0x00000228ebcea578]
Event: 44.691 Thread 0x00000228f9e41000 8318       4       com.google.common.collect.AbstractMapBasedMultimap$WrappedCollection::refreshIfEmpty (78 bytes)
Event: 44.705 Thread 0x00000228fa7e9800 8338       3       org.gradle.api.internal.attributes.DefaultMutableAttributeContainer::realizeAllLazyAttributes (42 bytes)
Event: 44.706 Thread 0x00000228fa7e9800 nmethod 8338 0x00000228e5478490 code [0x00000228e54786a0, 0x00000228e5478b68]
Event: 44.730 Thread 0x00000228f9e41000 nmethod 8318 0x00000228ebceac10 code [0x00000228ebceae00, 0x00000228ebceb708]
Event: 44.730 Thread 0x00000228f9e41000 8337       4       sun.reflect.generics.visitor.Reifier::visitClassTypeSignature (381 bytes)
Event: 44.737 Thread 0x00000228fa7e9800 8340   !   3       com.sun.proxy.$Proxy1::value (29 bytes)
Event: 44.737 Thread 0x00000228fa7e9800 nmethod 8340 0x00000228e5478d10 code [0x00000228e5478f00, 0x00000228e54792d8]
Event: 44.738 Thread 0x00000228fa7e9800 8341       3       org.gradle.internal.instantiation.generator.AsmBackedClassGenerator$ClassBuilderImpl$$Lambda$156/0x000000010032a440::emit (21 bytes)
Event: 44.739 Thread 0x00000228fa7e9800 nmethod 8341 0x00000228e5479490 code [0x00000228e5479660, 0x00000228e5479888]
Event: 44.739 Thread 0x00000228fa7e9800 8344       3       org.gradle.internal.instantiation.generator.AbstractClassGenerator::access$1600 (6 bytes)
Event: 44.739 Thread 0x00000228fa7e9800 nmethod 8344 0x00000228e5479a10 code [0x00000228e5479bc0, 0x00000228e5479cc8]
Event: 44.739 Thread 0x00000228fa7e9800 8342       3       org.gradle.internal.instantiation.generator.AsmBackedClassGenerator$ClassBuilderImpl::lambda$addSetMethod$32 (15 bytes)
Event: 44.740 Thread 0x00000228fa7e9800 nmethod 8342 0x00000228e5479d90 code [0x00000228e5479f40, 0x00000228e547a0e8]
Event: 44.740 Thread 0x00000228fa7e9800 8343       3       org.gradle.internal.instantiation.generator.AsmBackedClassGenerator$ClassBuilderImpl$33::<init> (64 bytes)
Event: 44.741 Thread 0x00000228fa7e9800 nmethod 8343 0x00000228e547a210 code [0x00000228e547a480, 0x00000228e547afb8]
Event: 44.756 Thread 0x00000228fa7e9800 8345       3       org.gradle.api.internal.collections.CollectionFilter::filter (39 bytes)
Event: 44.757 Thread 0x00000228fa7e9800 nmethod 8345 0x00000228e547b390 code [0x00000228e547b5a0, 0x00000228e547ba68]
Event: 44.791 Thread 0x00000228fa7e9800 8346       3       java.util.LinkedHashMap::get (33 bytes)

GC Heap History (20 events):
Event: 34.638 GC heap before
{Heap before GC invocations=22 (full 0):
 garbage-first heap   total 114688K, used 88173K [0x0000000080000000, 0x0000000100000000)
  region size 1024K, 26 young (26624K), 4 survivors (4096K)
 Metaspace       used 63758K, capacity 65431K, committed 65744K, reserved 1105920K
  class space    used 8006K, capacity 8661K, committed 8780K, reserved 1048576K
}
Event: 34.646 GC heap after
{Heap after GC invocations=23 (full 0):
 garbage-first heap   total 114688K, used 61740K [0x0000000080000000, 0x0000000100000000)
  region size 1024K, 2 young (2048K), 2 survivors (2048K)
 Metaspace       used 63758K, capacity 65431K, committed 65744K, reserved 1105920K
  class space    used 8006K, capacity 8661K, committed 8780K, reserved 1048576K
}
Event: 35.494 GC heap before
{Heap before GC invocations=23 (full 0):
 garbage-first heap   total 114688K, used 86316K [0x0000000080000000, 0x0000000100000000)
  region size 1024K, 26 young (26624K), 2 survivors (2048K)
 Metaspace       used 65290K, capacity 67012K, committed 67152K, reserved 1107968K
  class space    used 8197K, capacity 8864K, committed 8908K, reserved 1048576K
}
Event: 35.502 GC heap after
{Heap after GC invocations=24 (full 0):
 garbage-first heap   total 114688K, used 62996K [0x0000000080000000, 0x0000000100000000)
  region size 1024K, 3 young (3072K), 3 survivors (3072K)
 Metaspace       used 65290K, capacity 67012K, committed 67152K, reserved 1107968K
  class space    used 8197K, capacity 8864K, committed 8908K, reserved 1048576K
}
Event: 36.522 GC heap before
{Heap before GC invocations=25 (full 0):
 garbage-first heap   total 114688K, used 87572K [0x0000000080000000, 0x0000000100000000)
  region size 1024K, 28 young (28672K), 3 survivors (3072K)
 Metaspace       used 67636K, capacity 69280K, committed 69584K, reserved 1110016K
  class space    used 8517K, capacity 9184K, committed 9292K, reserved 1048576K
}
Event: 36.532 GC heap after
{Heap after GC invocations=26 (full 0):
 garbage-first heap   total 114688K, used 63069K [0x0000000080000000, 0x0000000100000000)
  region size 1024K, 3 young (3072K), 3 survivors (3072K)
 Metaspace       used 67636K, capacity 69280K, committed 69584K, reserved 1110016K
  class space    used 8517K, capacity 9184K, committed 9292K, reserved 1048576K
}
Event: 37.496 GC heap before
{Heap before GC invocations=26 (full 0):
 garbage-first heap   total 114688K, used 89693K [0x0000000080000000, 0x0000000100000000)
  region size 1024K, 29 young (29696K), 3 survivors (3072K)
 Metaspace       used 69405K, capacity 71162K, committed 71376K, reserved 1112064K
  class space    used 8729K, capacity 9423K, committed 9548K, reserved 1048576K
}
Event: 37.510 GC heap after
{Heap after GC invocations=27 (full 0):
 garbage-first heap   total 114688K, used 64797K [0x0000000080000000, 0x0000000100000000)
  region size 1024K, 3 young (3072K), 3 survivors (3072K)
 Metaspace       used 69405K, capacity 71162K, committed 71376K, reserved 1112064K
  class space    used 8729K, capacity 9423K, committed 9548K, reserved 1048576K
}
Event: 38.144 GC heap before
{Heap before GC invocations=28 (full 0):
 garbage-first heap   total 114688K, used 90397K [0x0000000080000000, 0x0000000100000000)
  region size 1024K, 28 young (28672K), 3 survivors (3072K)
 Metaspace       used 69557K, capacity 71260K, committed 71376K, reserved 1112064K
  class space    used 8762K, capacity 9433K, committed 9548K, reserved 1048576K
}
Event: 38.156 GC heap after
{Heap after GC invocations=29 (full 0):
 garbage-first heap   total 114688K, used 66629K [0x0000000080000000, 0x0000000100000000)
  region size 1024K, 4 young (4096K), 4 survivors (4096K)
 Metaspace       used 69557K, capacity 71260K, committed 71376K, reserved 1112064K
  class space    used 8762K, capacity 9433K, committed 9548K, reserved 1048576K
}
Event: 38.801 GC heap before
{Heap before GC invocations=29 (full 0):
 garbage-first heap   total 114688K, used 92229K [0x0000000080000000, 0x0000000100000000)
  region size 1024K, 29 young (29696K), 4 survivors (4096K)
 Metaspace       used 69971K, capacity 71788K, committed 71888K, reserved 1112064K
  class space    used 8808K, capacity 9502K, committed 9548K, reserved 1048576K
}
Event: 38.812 GC heap after
{Heap after GC invocations=30 (full 0):
 garbage-first heap   total 114688K, used 68327K [0x0000000080000000, 0x0000000100000000)
  region size 1024K, 4 young (4096K), 4 survivors (4096K)
 Metaspace       used 69971K, capacity 71788K, committed 71888K, reserved 1112064K
  class space    used 8808K, capacity 9502K, committed 9548K, reserved 1048576K
}
Event: 40.035 GC heap before
{Heap before GC invocations=31 (full 0):
 garbage-first heap   total 114688K, used 91879K [0x0000000080000000, 0x0000000100000000)
  region size 1024K, 28 young (28672K), 4 survivors (4096K)
 Metaspace       used 72800K, capacity 74606K, committed 74960K, reserved 1114112K
  class space    used 9231K, capacity 9950K, committed 10060K, reserved 1048576K
}
Event: 40.049 GC heap after
{Heap after GC invocations=32 (full 0):
 garbage-first heap   total 114688K, used 69801K [0x0000000080000000, 0x0000000100000000)
  region size 1024K, 4 young (4096K), 4 survivors (4096K)
 Metaspace       used 72800K, capacity 74606K, committed 74960K, reserved 1114112K
  class space    used 9231K, capacity 9950K, committed 10060K, reserved 1048576K
}
Event: 41.387 GC heap before
{Heap before GC invocations=32 (full 0):
 garbage-first heap   total 114688K, used 94377K [0x0000000080000000, 0x0000000100000000)
  region size 1024K, 28 young (28672K), 4 survivors (4096K)
 Metaspace       used 75688K, capacity 77569K, committed 77776K, reserved 1116160K
  class space    used 9751K, capacity 10462K, committed 10572K, reserved 1048576K
}
Event: 41.398 GC heap after
{Heap after GC invocations=33 (full 0):
 garbage-first heap   total 114688K, used 71277K [0x0000000080000000, 0x0000000100000000)
  region size 1024K, 3 young (3072K), 3 survivors (3072K)
 Metaspace       used 75688K, capacity 77569K, committed 77776K, reserved 1116160K
  class space    used 9751K, capacity 10462K, committed 10572K, reserved 1048576K
}
Event: 42.353 GC heap before
{Heap before GC invocations=34 (full 0):
 garbage-first heap   total 114688K, used 94829K [0x0000000080000000, 0x0000000100000000)
  region size 1024K, 27 young (27648K), 3 survivors (3072K)
 Metaspace       used 76876K, capacity 78730K, committed 78928K, reserved 1118208K
  class space    used 9906K, capacity 10631K, committed 10700K, reserved 1048576K
}
Event: 42.364 GC heap after
{Heap after GC invocations=35 (full 0):
 garbage-first heap   total 138240K, used 72900K [0x0000000080000000, 0x0000000100000000)
  region size 1024K, 3 young (3072K), 3 survivors (3072K)
 Metaspace       used 76876K, capacity 78730K, committed 78928K, reserved 1118208K
  class space    used 9906K, capacity 10631K, committed 10700K, reserved 1048576K
}
Event: 43.577 GC heap before
{Heap before GC invocations=35 (full 0):
 garbage-first heap   total 138240K, used 106692K [0x0000000080000000, 0x0000000100000000)
  region size 1024K, 36 young (36864K), 3 survivors (3072K)
 Metaspace       used 77791K, capacity 79688K, committed 79824K, reserved 1118208K
  class space    used 10047K, capacity 10799K, committed 10828K, reserved 1048576K
}
Event: 43.596 GC heap after
{Heap after GC invocations=36 (full 0):
 garbage-first heap   total 138240K, used 75537K [0x0000000080000000, 0x0000000100000000)
  region size 1024K, 5 young (5120K), 5 survivors (5120K)
 Metaspace       used 77791K, capacity 79688K, committed 79824K, reserved 1118208K
  class space    used 10047K, capacity 10799K, committed 10828K, reserved 1048576K
}

Deoptimization events (20 events):
Event: 44.273 Thread 0x00000228fd717800 DEOPT PACKING pc=0x00000228e5411756 sp=0x000000f5741f9210
Event: 44.273 Thread 0x00000228fd717800 DEOPT UNPACKING pc=0x00000228e3d9a95e sp=0x000000f5741f87b0 mode 0
Event: 44.584 Thread 0x00000228fd717800 DEOPT PACKING pc=0x00000228e54117f3 sp=0x000000f5741f93d0
Event: 44.584 Thread 0x00000228fd717800 DEOPT UNPACKING pc=0x00000228e3d9a95e sp=0x000000f5741f8970 mode 0
Event: 44.790 Thread 0x00000228fd717800 Uncommon trap: trap_request=0xffffff4d fr.pc=0x00000228eb882418 relative=0x0000000000000938
Event: 44.790 Thread 0x00000228fd717800 Uncommon trap: reason=unstable_if action=reinterpret pc=0x00000228eb882418 method=java.util.HashMap.resize()[Ljava/util/HashMap$Node; @ 203 c2
Event: 44.790 Thread 0x00000228fd717800 DEOPT PACKING pc=0x00000228eb882418 sp=0x000000f5741f9100
Event: 44.790 Thread 0x00000228fd717800 DEOPT UNPACKING pc=0x00000228e3d9a1af sp=0x000000f5741f90b0 mode 2
Event: 44.790 Thread 0x00000228fd717800 Uncommon trap: trap_request=0xffffff4d fr.pc=0x00000228ebbc0908 relative=0x0000000000002b08
Event: 44.790 Thread 0x00000228fd717800 Uncommon trap: reason=unstable_if action=reinterpret pc=0x00000228ebbc0908 method=java.util.HashMap.getNode(ILjava/lang/Object;)Ljava/util/HashMap$Node; @ 84 c2
Event: 44.790 Thread 0x00000228fd717800 DEOPT PACKING pc=0x00000228ebbc0908 sp=0x000000f5741f91b0
Event: 44.790 Thread 0x00000228fd717800 DEOPT UNPACKING pc=0x00000228e3d9a1af sp=0x000000f5741f9098 mode 2
Event: 44.790 Thread 0x00000228fd717800 Uncommon trap: trap_request=0xffffff4d fr.pc=0x00000228ebbbbabc relative=0x000000000000027c
Event: 44.790 Thread 0x00000228fd717800 Uncommon trap: reason=unstable_if action=reinterpret pc=0x00000228ebbbbabc method=java.util.HashMap.getNode(ILjava/lang/Object;)Ljava/util/HashMap$Node; @ 84 c2
Event: 44.790 Thread 0x00000228fd717800 DEOPT PACKING pc=0x00000228ebbbbabc sp=0x000000f5741f9160
Event: 44.790 Thread 0x00000228fd717800 DEOPT UNPACKING pc=0x00000228e3d9a1af sp=0x000000f5741f9080 mode 2
Event: 44.791 Thread 0x00000228fd717800 Uncommon trap: trap_request=0xffffff4d fr.pc=0x00000228ebb16770 relative=0x00000000000001b0
Event: 44.791 Thread 0x00000228fd717800 Uncommon trap: reason=unstable_if action=reinterpret pc=0x00000228ebb16770 method=java.util.HashMap.getNode(ILjava/lang/Object;)Ljava/util/HashMap$Node; @ 84 c2
Event: 44.791 Thread 0x00000228fd717800 DEOPT PACKING pc=0x00000228ebb16770 sp=0x000000f5741f9100
Event: 44.791 Thread 0x00000228fd717800 DEOPT UNPACKING pc=0x00000228e3d9a1af sp=0x000000f5741f9088 mode 2

Classes redefined (0 events):
No events

Internal exceptions (20 events):
Event: 43.372 Thread 0x00000228fd717800 Exception <a 'java/lang/ClassNotFoundException'{0x0000000086f36b58}: org/gradle/api/internal/artifacts/configurations/DefaultConfigurationContainer_DecoratedCustomizer> (0x0000000086f36b58) thrown at [src/hotspot/share/classfile/systemDictionary.cpp, line 230]
Event: 43.434 Thread 0x00000228fd717800 Exception <a 'java/lang/ClassNotFoundException'{0x0000000086dd3e48}: org/gradle/api/internal/artifacts/configurations/DefaultConfiguration_DecoratedBeanInfo> (0x0000000086dd3e48) thrown at [src/hotspot/share/classfile/systemDictionary.cpp, line 230]
Event: 43.437 Thread 0x00000228fd717800 Exception <a 'java/lang/ClassNotFoundException'{0x0000000086c03d48}: org/gradle/api/internal/artifacts/configurations/DefaultConfigurationBeanInfo> (0x0000000086c03d48) thrown at [src/hotspot/share/classfile/systemDictionary.cpp, line 230]
Event: 43.438 Thread 0x00000228fd717800 Exception <a 'java/lang/ClassNotFoundException'{0x0000000086c201d8}: org/gradle/api/internal/file/AbstractFileCollectionBeanInfo> (0x0000000086c201d8) thrown at [src/hotspot/share/classfile/systemDictionary.cpp, line 230]
Event: 43.441 Thread 0x00000228fd717800 Exception <a 'java/lang/ClassNotFoundException'{0x0000000086c3c960}: org/gradle/api/internal/file/AbstractFileCollectionCustomizer> (0x0000000086c3c960) thrown at [src/hotspot/share/classfile/systemDictionary.cpp, line 230]
Event: 43.452 Thread 0x00000228fd717800 Exception <a 'java/lang/ClassNotFoundException'{0x0000000086c7ddc0}: org/gradle/api/internal/artifacts/configurations/DefaultConfigurationCustomizer> (0x0000000086c7ddc0) thrown at [src/hotspot/share/classfile/systemDictionary.cpp, line 230]
Event: 43.468 Thread 0x00000228fd717800 Exception <a 'java/lang/ClassNotFoundException'{0x0000000086b12118}: org/gradle/api/internal/artifacts/configurations/DefaultConfiguration_DecoratedCustomizer> (0x0000000086b12118) thrown at [src/hotspot/share/classfile/systemDictionary.cpp, line 230]
Event: 43.508 Thread 0x00000228fd717800 Exception <a 'java/lang/ClassNotFoundException'{0x00000000869a6808}: org/codehaus/groovy/runtime/MethodClosureBeanInfo> (0x00000000869a6808) thrown at [src/hotspot/share/classfile/systemDictionary.cpp, line 230]
Event: 43.514 Thread 0x00000228fd717800 Exception <a 'java/lang/ClassNotFoundException'{0x0000000086781c98}: org/codehaus/groovy/runtime/MethodClosureCustomizer> (0x0000000086781c98) thrown at [src/hotspot/share/classfile/systemDictionary.cpp, line 230]
Event: 43.522 Thread 0x00000228fd717800 Exception <a 'java/lang/ClassNotFoundException'{0x00000000867f21c0}: org/gradle/api/internal/artifacts/configurations/DefaultConfiguration$ConfigurationResolvableDependencies_DecoratedBeanInfo> (0x00000000867f21c0) thrown at [src/hotspot/share/classfile/systemDictionary.cpp, line 230]
Event: 43.525 Thread 0x00000228fd717800 Exception <a 'java/lang/ClassNotFoundException'{0x000000008662b330}: org/gradle/api/internal/artifacts/configurations/DefaultConfiguration$ConfigurationResolvableDependenciesBeanInfo> (0x000000008662b330) thrown at [src/hotspot/share/classfile/systemDictionary.cpp, line 230]
Event: 43.527 Thread 0x00000228fd717800 Exception <a 'java/lang/ClassNotFoundException'{0x00000000866651d8}: org/gradle/api/internal/artifacts/configurations/DefaultConfiguration$ConfigurationResolvableDependenciesCustomizer> (0x00000000866651d8) thrown at [src/hotspot/share/classfile/systemDictionary.cpp, line 230]
Event: 43.533 Thread 0x00000228fd717800 Exception <a 'java/lang/ClassNotFoundException'{0x00000000866b0118}: org/gradle/api/internal/artifacts/configurations/DefaultConfiguration$ConfigurationResolvableDependencies_DecoratedCustomizer> (0x00000000866b0118) thrown at [src/hotspot/share/classfile/systemDictionary.cpp, line 230]
Event: 43.779 Thread 0x00000228fd717800 Implicit null exception at 0x00000228ebc6b79f to 0x00000228ebc6bf04
Event: 43.779 Thread 0x00000228fd717800 Implicit null exception at 0x00000228ebc6b79f to 0x00000228ebc6bf04
Event: 43.787 Thread 0x00000228fd717800 Implicit null exception at 0x00000228ebc6b79f to 0x00000228ebc6bf04
Event: 43.787 Thread 0x00000228fd717800 Implicit null exception at 0x00000228ebccd924 to 0x00000228ebccdab8
Event: 43.787 Thread 0x00000228fd717800 Implicit null exception at 0x00000228ebc6b79f to 0x00000228ebc6bf04
Event: 44.005 Thread 0x00000228fd717800 Implicit null exception at 0x00000228eba703b1 to 0x00000228eba70a79
Event: 44.005 Thread 0x00000228fd717800 Implicit null exception at 0x00000228eba6e596 to 0x00000228eba6ec68

Events (20 events):
Event: 44.767 loading class org/gradle/api/internal/tasks/compile/DefaultJavaCompileSpec
Event: 44.767 loading class org/gradle/api/internal/tasks/compile/DefaultJavaCompileSpec done
Event: 44.770 loading class org/gradle/api/internal/tasks/compile/DefaultJvmLanguageCompileSpec
Event: 44.770 loading class org/gradle/api/internal/tasks/compile/DefaultJvmLanguageCompileSpec done
Event: 44.772 loading class org/gradle/api/tasks/compile/ForkOptions
Event: 44.772 loading class org/gradle/api/tasks/compile/ForkOptions done
Event: 44.773 loading class org/gradle/api/tasks/compile/ProviderAwareCompilerDaemonForkOptions
Event: 44.773 loading class org/gradle/api/tasks/compile/ProviderAwareCompilerDaemonForkOptions done
Event: 44.775 loading class org/gradle/api/tasks/compile/BaseForkOptions
Event: 44.775 loading class org/gradle/api/tasks/compile/BaseForkOptions done
Event: 44.776 loading class org/gradle/api/tasks/compile/AbstractOptions
Event: 44.776 loading class org/gradle/api/tasks/compile/AbstractOptions done
Event: 44.779 loading class org/gradle/api/internal/tasks/compile/CleaningJavaCompiler
Event: 44.779 loading class org/gradle/api/internal/tasks/compile/CleaningJavaCompiler done
Event: 44.781 loading class org/gradle/api/tasks/compile/CompileOptions
Event: 44.781 loading class org/gradle/api/tasks/compile/CompileOptions done
Event: 44.784 loading class org/gradle/api/internal/tasks/compile/incremental/recomp/JavaRecompilationSpecProvider
Event: 44.784 loading class org/gradle/api/internal/tasks/compile/incremental/recomp/JavaRecompilationSpecProvider done
Event: 44.785 loading class org/gradle/api/internal/tasks/compile/incremental/recomp/AbstractRecompilationSpecProvider
Event: 44.786 loading class org/gradle/api/internal/tasks/compile/incremental/recomp/AbstractRecompilationSpecProvider done


Dynamic libraries:
0x00007ff60d000000 - 0x00007ff60d00a000 	C:\Program Files\Android\Android Studio\jbr\bin\java.exe
0x00007ffdbde70000 - 0x00007ffdbe068000 	C:\WINDOWS\SYSTEM32\ntdll.dll
0x00007ffdbc1c0000 - 0x00007ffdbc27d000 	C:\WINDOWS\System32\KERNEL32.DLL
0x00007ffdbb700000 - 0x00007ffdbb9f6000 	C:\WINDOWS\System32\KERNELBASE.dll
0x00007ffdbbb20000 - 0x00007ffdbbc20000 	C:\WINDOWS\System32\ucrtbase.dll
0x00007ffd75290000 - 0x00007ffd752ab000 	C:\Program Files\Android\Android Studio\jbr\bin\VCRUNTIME140.dll
0x00007ffdb2660000 - 0x00007ffdb2677000 	C:\Program Files\Android\Android Studio\jbr\bin\jli.dll
0x00007ffdacdc0000 - 0x00007ffdad05a000 	C:\WINDOWS\WinSxS\amd64_microsoft.windows.common-controls_6595b64144ccf1df_6.0.19041.1110_none_60b5254171f9507e\COMCTL32.dll
0x00007ffdbc9d0000 - 0x00007ffdbca6e000 	C:\WINDOWS\System32\msvcrt.dll
0x00007ffdbd540000 - 0x00007ffdbd6de000 	C:\WINDOWS\System32\USER32.dll
0x00007ffdbcbd0000 - 0x00007ffdbcbfc000 	C:\WINDOWS\System32\GDI32.dll
0x00007ffdbb680000 - 0x00007ffdbb6a2000 	C:\WINDOWS\System32\win32u.dll
0x00007ffdbba00000 - 0x00007ffdbbb1a000 	C:\WINDOWS\System32\gdi32full.dll
0x00007ffdbb550000 - 0x00007ffdbb5ed000 	C:\WINDOWS\System32\msvcp_win.dll
0x00007ffdbd790000 - 0x00007ffdbd7c0000 	C:\WINDOWS\System32\IMM32.DLL
0x00007ffdab440000 - 0x00007ffdab4cd000 	C:\Program Files\Android\Android Studio\jbr\bin\msvcp140.dll
0x00007ffd99420000 - 0x00007ffd9942c000 	C:\Program Files\Java\jdk-19\bin\VCRUNTIME140_1.dll
0x00007ffd72340000 - 0x00007ffd72efc000 	C:\Program Files\Android\Android Studio\jbr\bin\server\jvm.dll
0x00007ffdbd0e0000 - 0x00007ffdbd18e000 	C:\WINDOWS\System32\ADVAPI32.dll
0x00007ffdbcf70000 - 0x00007ffdbd00c000 	C:\WINDOWS\System32\sechost.dll
0x00007ffdbd410000 - 0x00007ffdbd536000 	C:\WINDOWS\System32\RPCRT4.dll
0x00007ffdbd340000 - 0x00007ffdbd348000 	C:\WINDOWS\System32\PSAPI.DLL
0x00007ffd9a930000 - 0x00007ffd9a939000 	C:\WINDOWS\SYSTEM32\WSOCK32.dll
0x00007ffdbdc30000 - 0x00007ffdbdc9b000 	C:\WINDOWS\System32\WS2_32.dll
0x00007ffdb2fc0000 - 0x00007ffdb2fe7000 	C:\WINDOWS\SYSTEM32\WINMM.dll
0x00007ffdb2ff0000 - 0x00007ffdb2ffa000 	C:\WINDOWS\SYSTEM32\VERSION.dll
0x00007ffdb93e0000 - 0x00007ffdb93f2000 	C:\WINDOWS\SYSTEM32\kernel.appcore.dll
0x00007ffd95ca0000 - 0x00007ffd95cb0000 	C:\Program Files\Android\Android Studio\jbr\bin\verify.dll
0x00007ffda7780000 - 0x00007ffda7964000 	C:\WINDOWS\SYSTEM32\DBGHELP.DLL
0x00007ffda75b0000 - 0x00007ffda75e4000 	C:\WINDOWS\SYSTEM32\dbgcore.DLL
0x00007ffdbb5f0000 - 0x00007ffdbb672000 	C:\WINDOWS\System32\bcryptPrimitives.dll
0x00007ffd75260000 - 0x00007ffd75288000 	C:\Program Files\Android\Android Studio\jbr\bin\java.dll
0x00007ffd95290000 - 0x00007ffd9529a000 	C:\Program Files\Android\Android Studio\jbr\bin\jimage.dll
0x00007ffd75240000 - 0x00007ffd75258000 	C:\Program Files\Android\Android Studio\jbr\bin\zip.dll
0x00007ffdbc280000 - 0x00007ffdbc9c5000 	C:\WINDOWS\System32\SHELL32.dll
0x00007ffdb95e0000 - 0x00007ffdb9d7b000 	C:\WINDOWS\SYSTEM32\windows.storage.dll
0x00007ffdbcc10000 - 0x00007ffdbcf64000 	C:\WINDOWS\System32\combase.dll
0x00007ffdbaec0000 - 0x00007ffdbaeee000 	C:\WINDOWS\SYSTEM32\Wldp.dll
0x00007ffdbdd00000 - 0x00007ffdbddad000 	C:\WINDOWS\System32\SHCORE.dll
0x00007ffdbcb70000 - 0x00007ffdbcbc5000 	C:\WINDOWS\System32\shlwapi.dll
0x00007ffdbb480000 - 0x00007ffdbb4a5000 	C:\WINDOWS\SYSTEM32\profapi.dll
0x00007ffd75220000 - 0x00007ffd75239000 	C:\Program Files\Android\Android Studio\jbr\bin\net.dll
0x00007ffdb2940000 - 0x00007ffdb2a4a000 	C:\WINDOWS\SYSTEM32\WINHTTP.dll
0x00007ffdbac20000 - 0x00007ffdbac8a000 	C:\WINDOWS\system32\mswsock.dll
0x00007ffd75200000 - 0x00007ffd75213000 	C:\Program Files\Android\Android Studio\jbr\bin\nio.dll
0x00007ffda6bd0000 - 0x00007ffda6bf7000 	C:\Users\acer\.gradle\native\e1d6ef7f7dcc3fd88c89a11ec53ec762bb8ba0a96d01ffa2cd45eb1d1d8dd5c5\windows-amd64\native-platform.dll
0x00007ffd752c0000 - 0x00007ffd75404000 	C:\Users\acer\.gradle\native\0d407fdbe67a94daf76414ababcb853783967236a71b16ec16e742cd7a986fd3\windows-amd64\native-platform-file-events.dll
0x00007ffd74750000 - 0x00007ffd7475a000 	C:\Program Files\Android\Android Studio\jbr\bin\management.dll
0x00007ffd74740000 - 0x00007ffd7474b000 	C:\Program Files\Android\Android Studio\jbr\bin\management_ext.dll
0x00007ffdbae10000 - 0x00007ffdbae28000 	C:\WINDOWS\SYSTEM32\CRYPTSP.dll
0x00007ffdba530000 - 0x00007ffdba564000 	C:\WINDOWS\system32\rsaenh.dll
0x00007ffdbbc20000 - 0x00007ffdbbc47000 	C:\WINDOWS\System32\bcrypt.dll
0x00007ffdbb440000 - 0x00007ffdbb46e000 	C:\WINDOWS\SYSTEM32\USERENV.dll
0x00007ffdbae30000 - 0x00007ffdbae3c000 	C:\WINDOWS\SYSTEM32\CRYPTBASE.dll
0x00007ffdba910000 - 0x00007ffdba94b000 	C:\WINDOWS\SYSTEM32\IPHLPAPI.DLL
0x00007ffdbc1b0000 - 0x00007ffdbc1b8000 	C:\WINDOWS\System32\NSI.dll
0x00007ffdb2e90000 - 0x00007ffdb2ea7000 	C:\WINDOWS\SYSTEM32\dhcpcsvc6.DLL
0x00007ffdb2f70000 - 0x00007ffdb2f8d000 	C:\WINDOWS\SYSTEM32\dhcpcsvc.DLL
0x00007ffdba950000 - 0x00007ffdbaa1a000 	C:\WINDOWS\SYSTEM32\DNSAPI.dll

dbghelp: loaded successfully - version: 4.0.5 - missing functions: none
symbol engine: initialized successfully - sym options: 0x614 - pdb path: .;C:\Program Files\Android\Android Studio\jbr\bin;C:\WINDOWS\SYSTEM32;C:\WINDOWS\WinSxS\amd64_microsoft.windows.common-controls_6595b64144ccf1df_6.0.19041.1110_none_60b5254171f9507e;C:\Program Files\Java\jdk-19\bin;C:\Program Files\Android\Android Studio\jbr\bin\server;C:\Users\acer\.gradle\native\e1d6ef7f7dcc3fd88c89a11ec53ec762bb8ba0a96d01ffa2cd45eb1d1d8dd5c5\windows-amd64;C:\Users\acer\.gradle\native\0d407fdbe67a94daf76414ababcb853783967236a71b16ec16e742cd7a986fd3\windows-amd64

VM Arguments:
jvm_args: --add-opens=java.base/java.util=ALL-UNNAMED --add-opens=java.base/java.lang=ALL-UNNAMED --add-opens=java.base/java.lang.invoke=ALL-UNNAMED --add-opens=java.base/java.util=ALL-UNNAMED --add-opens=java.prefs/java.util.prefs=ALL-UNNAMED --add-opens=java.prefs/java.util.prefs=ALL-UNNAMED --add-opens=java.base/java.nio.charset=ALL-UNNAMED --add-opens=java.base/java.net=ALL-UNNAMED --add-opens=java.base/java.util.concurrent.atomic=ALL-UNNAMED -Xmx2048m -Dfile.encoding=UTF-8 -Duser.country=IN -Duser.language=en -Duser.variant 
java_command: org.gradle.launcher.daemon.bootstrap.GradleDaemon 7.5
java_class_path (initial): C:\Users\acer\.gradle\wrapper\dists\gradle-7.5-bin\f1w0cc9nuo0eivz97x2xlu9sv\gradle-7.5\lib\gradle-launcher-7.5.jar
Launcher Type: SUN_STANDARD

[Global flags]
     intx CICompilerCount                          = 3                                         {product} {ergonomic}
     uint ConcGCThreads                            = 1                                         {product} {ergonomic}
     uint G1ConcRefinementThreads                  = 4                                         {product} {ergonomic}
   size_t G1HeapRegionSize                         = 1048576                                   {product} {ergonomic}
    uintx GCDrainStackTargetSize                   = 64                                        {product} {ergonomic}
   size_t InitialHeapSize                          = 117440512                                 {product} {ergonomic}
   size_t MarkStackSize                            = 4194304                                   {product} {ergonomic}
   size_t MaxHeapSize                              = 2147483648                                {product} {command line}
   size_t MaxNewSize                               = 1287651328                                {product} {ergonomic}
   size_t MinHeapDeltaBytes                        = 1048576                                   {product} {ergonomic}
    uintx NonNMethodCodeHeapSize                   = 5830732                                {pd product} {ergonomic}
    uintx NonProfiledCodeHeapSize                  = 122913754                              {pd product} {ergonomic}
    uintx ProfiledCodeHeapSize                     = 122913754                              {pd product} {ergonomic}
    uintx ReservedCodeCacheSize                    = 251658240                              {pd product} {ergonomic}
     bool SegmentedCodeCache                       = true                                      {product} {ergonomic}
     bool UseCompressedClassPointers               = true                                 {lp64_product} {ergonomic}
     bool UseCompressedOops                        = true                                 {lp64_product} {ergonomic}
     bool UseG1GC                                  = true                                      {product} {ergonomic}
     bool UseLargePagesIndividualAllocation        = false                                  {pd product} {ergonomic}

Logging:
Log output configuration:
 #0: stdout all=warning uptime,level,tags
 #1: stderr all=off uptime,level,tags

Environment Variables:
JAVA_HOME=C:\Program Files\Java\jdk-19;C:\Program Files\Java\jdk-19\bin;
PATH=C:\Program Files\Common Files\Oracle\Java\javapath;C:\WINDOWS\system32;C:\WINDOWS;C:\WINDOWS\System32\Wbem;C:\WINDOWS\System32\WindowsPowerShell\v1.0\;C:\WINDOWS\System32\OpenSSH\;C:\Program Files\nodejs;C:\Program Files\dotnet\;C:\Users\acer\AppData\Local\Android\Sdk\platform-tools;C:\Users\acer\AppData\Local\Android\Sdk;C:\ProgramData\chocolatey\bin;C:\Program Files\Git\cmd;C:\Users\acer\Downloads\gradle-7.6-bin\gradle-7.6\bin;C:\Program Files\Java\jdk-19\bin;C:\Users\acer\AppData\Local\Microsoft\WindowsApps;C:\Program Files\JetBrains\PyCharm Community Edition 2021.2.2\bin;;C:\Program Files\nodejs;C:\Program Files\JetBrains\IntelliJ IDEA Community Edition 2022.2.1\bin;;C:\Users\acer\AppData\Local\Android\Sdk\platform-tools
USERNAME=shergill
OS=Windows_NT
PROCESSOR_IDENTIFIER=AMD64 Family 22 Model 48 Stepping 1, AuthenticAMD



---------------  S Y S T E M  ---------------

OS: Windows 10 , 64 bit Build 19041 (10.0.19041.3393)
OS uptime: 0 days 2:51 hours

CPU:total 4 (initial active 4) (4 cores per cpu, 1 threads per core) family 22 model 48 stepping 1 microcode 0x0, cmov, cx8, fxsr, mmx, sse, sse2, sse3, ssse3, sse4.1, sse4.2, popcnt, avx, aes, clmul, mmxext, 3dnowpref, lzcnt, sse4a, tsc, tscinvbit, tscinv, bmi1

Memory: 4k page, system-wide physical 7094M (614M free)
TotalPageFile size 8476M (AvailPageFile size 4M)
current process WorkingSet (physical memory assigned to process): 377M, peak: 377M
current process commit charge ("private bytes"): 407M, peak: 412M

vm_info: OpenJDK 64-Bit Server VM (11.0.15+0-b2043.56-8887301) for windows-amd64 JRE (11.0.15+0-b2043.56-8887301), built on Jul 29 2022 23:19:47 by "builduser" with unknown MS VC++:1929

END.
